<?xml version="1.0" encoding="UTF-8"?>
<!-- Generated by org.testng.reporters.JUnitXMLReporter -->
<testsuite ignored="2" hostname="USBLRRAGHVR1" failures="0" tests="1" name="Default test" time="7.087" errors="0" timestamp="2023-02-11T21:40:33 IST">
  <testcase classname="demotest.TestActionFunctions" name="testActions" time="7.025"/>
  <testcase classname="demotest.TestActionFunctions" name="alertTest" time="0.0">
    <ignored/>
  </testcase> <!-- alertTest -->
  <testcase classname="demotest.TestActionFunctions" name="TestException" time="0.0">
    <ignored/>
  </testcase> <!-- TestException -->
</testsuite> <!-- Default test -->
