<?xml version="1.0" encoding="UTF-8"?>
<!-- Generated by org.testng.reporters.JUnitXMLReporter -->
<testsuite ignored="1" hostname="USBLRRAGHVR1" failures="0" tests="2" name="Regression" time="0.052" errors="0" timestamp="2021-08-24T14:53:38 IST">
  <testcase classname="TestNGAnnotations.Loan" name="bikeLoan" time="0.009"/>
  <testcase classname="TestNGAnnotations.Loan" name="carLoan" time="0.001"/>
  <testcase classname="TestNGAnnotations.Loan" name="mobileLoan" time="0.0">
    <ignored/>
  </testcase> <!-- mobileLoan -->
</testsuite> <!-- Regression -->
