<?xml version="1.0" encoding="UTF-8"?>
<testng-results ignored="2" total="3" passed="1" failed="0" skipped="0">
  <reporter-output>
  </reporter-output>
  <suite started-at="2023-02-11T21:40:25 IST" name="Default suite" finished-at="2023-02-11T21:40:32 IST" duration-ms="7087">
    <groups>
    </groups>
    <test started-at="2023-02-11T21:40:25 IST" name="Default test" finished-at="2023-02-11T21:40:32 IST" duration-ms="7087">
      <class name="demotest.TestActionFunctions">
        <test-method signature="testActions()[pri:0, instance:demotest.TestActionFunctions@6da21078]" started-at="2023-02-11T21:40:25 IST" name="testActions" finished-at="2023-02-11T21:40:32 IST" duration-ms="7025" status="PASS">
          <reporter-output>
          </reporter-output>
        </test-method> <!-- testActions -->
      </class> <!-- demotest.TestActionFunctions -->
    </test> <!-- Default test -->
  </suite> <!-- Default suite -->
</testng-results>
